<?xml version="1.0" encoding="UTF-8"?>
<TestRun id="ef00076f-8424-43aa-a2a9-94cf143c60b4" name="koshin@KOSHIN-PC 2011-12-14 14:05:15" runUser="CLICKPOINT\koshin" xmlns="http://microsoft.com/schemas/VisualStudio/TeamTest/2010">
  <TestSettings name="Local" id="3d0e2f26-fb90-45a1-afb1-08fffadd452d">
    <Description>These are default test settings for a local test run.</Description>
    <Deployment enabled="false" runDeploymentRoot="koshin_KOSHIN-PC 2011-12-14 14_05_15" />
    <Execution>
      <TestTypeSpecific />
      <AgentRule name="Execution Agents">
      </AgentRule>
    </Execution>
  </TestSettings>
  <Times creation="2011-12-14T14:05:15.4353568-07:00" queuing="2011-12-14T14:05:16.0334166-07:00" start="2011-12-14T14:05:16.8090416-07:00" finish="2011-12-14T14:07:45.0489882-07:00" />
  <ResultSummary outcome="Failed">
    <Counters total="1" executed="1" error="0" failed="1" timeout="0" aborted="0" inconclusive="0" passedButRunAborted="0" notRunnable="0" notExecuted="0" disconnected="0" warning="0" passed="0" completed="0" inProgress="0" pending="0" />
  </ResultSummary>
  <TestDefinitions>
    <UnitTest name="CreateOptionsMacroTest" storage="c:\dev\codespace\codegeneration\clickpointauto.test\bin\debug\clickpointauto.test.dll" id="96bddcd4-3519-3441-e5e0-8b3089333c85">
      <Execution timeOut="1800000" id="3b32d8da-e6b3-4bad-a601-f6412c53a492" />
      <TestMethod codeBase="C:/Dev/CodeSpace/CodeGeneration/ClickpointAuto.Test/bin/Debug/ClickpointAuto.Test.DLL" adapterTypeName="Microsoft.VisualStudio.TestTools.TestTypes.Unit.UnitTestAdapter, Microsoft.VisualStudio.QualityTools.Tips.UnitTest.Adapter, Version=10.0.0.0, Culture=neutral, PublicKeyToken=b03f5f7f11d50a3a" className="ClickpointAuto.Test.GenerateOptionsMacroFactoryTest, ClickpointAuto.Test, Version=1.0.0.0, Culture=neutral, PublicKeyToken=null" name="CreateOptionsMacroTest" />
    </UnitTest>
  </TestDefinitions>
  <TestLists>
    <TestList name="Results Not in a List" id="8c84fa94-04c1-424b-9868-57a2d4851a1d" />
    <TestList name="All Loaded Results" id="19431567-8539-422a-85d7-44ee4e166bda" />
  </TestLists>
  <TestEntries>
    <TestEntry testId="96bddcd4-3519-3441-e5e0-8b3089333c85" executionId="3b32d8da-e6b3-4bad-a601-f6412c53a492" testListId="8c84fa94-04c1-424b-9868-57a2d4851a1d" />
  </TestEntries>
  <Results>
    <UnitTestResult executionId="3b32d8da-e6b3-4bad-a601-f6412c53a492" testId="96bddcd4-3519-3441-e5e0-8b3089333c85" testName="CreateOptionsMacroTest" computerName="KOSHIN-PC" duration="00:02:27.9251594" startTime="2011-12-14T14:05:16.8930500-07:00" endTime="2011-12-14T14:07:44.9519785-07:00" testType="13cdc9d9-ddb5-4fa4-a97d-d965ccfc6d4b" outcome="Failed" testListId="8c84fa94-04c1-424b-9868-57a2d4851a1d" relativeResultsDirectory="3b32d8da-e6b3-4bad-a601-f6412c53a492">
      <Output>
        <ErrorInfo>
          <Message>Assert.IsNotNull failed. </Message>
          <StackTrace>   at ClickpointAuto.Test.GenerateOptionsMacroFactoryTest.CreateOptionsMacroTest() in C:\Dev\CodeSpace\CodeGeneration\ClickpointAuto.Test\GenerateOptionsMacroFactoryTest.cs:line 93
</StackTrace>
        </ErrorInfo>
      </Output>
    </UnitTestResult>
  </Results>
</TestRun>