<?xml version="1.0" encoding="UTF-8"?>
<TestRun id="fa634191-78bb-4df5-babb-86b604790102" name="koshin@KOSHIN-PC 2011-12-14 14:11:13" runUser="CLICKPOINT\koshin" xmlns="http://microsoft.com/schemas/VisualStudio/TeamTest/2010">
  <TestSettings name="Local" id="3d0e2f26-fb90-45a1-afb1-08fffadd452d">
    <Description>These are default test settings for a local test run.</Description>
    <Deployment enabled="false" runDeploymentRoot="koshin_KOSHIN-PC 2011-12-14 14_11_13" />
    <Execution>
      <TestTypeSpecific />
      <AgentRule name="Execution Agents">
      </AgentRule>
    </Execution>
  </TestSettings>
  <Times creation="2011-12-14T14:11:13.1687032-07:00" queuing="2011-12-14T14:11:13.8137677-07:00" start="2011-12-14T14:11:14.2018065-07:00" finish="2011-12-14T14:11:58.2312309-07:00" />
  <ResultSummary outcome="Completed">
    <Counters total="1" executed="1" passed="1" error="0" failed="0" timeout="0" aborted="0" inconclusive="0" passedButRunAborted="0" notRunnable="0" notExecuted="0" disconnected="0" warning="0" completed="0" inProgress="0" pending="0" />
  </ResultSummary>
  <TestDefinitions>
    <UnitTest name="CreateOptionsMacroTest" storage="c:\dev\codespace\codegeneration\clickpointauto.test\bin\debug\clickpointauto.test.dll" id="96bddcd4-3519-3441-e5e0-8b3089333c85">
      <Execution timeOut="1800000" id="6053b75e-53cf-47d9-a44d-6b19bfd6e8f8" />
      <TestMethod codeBase="C:/Dev/CodeSpace/CodeGeneration/ClickpointAuto.Test/bin/Debug/ClickpointAuto.Test.DLL" adapterTypeName="Microsoft.VisualStudio.TestTools.TestTypes.Unit.UnitTestAdapter, Microsoft.VisualStudio.QualityTools.Tips.UnitTest.Adapter, Version=10.0.0.0, Culture=neutral, PublicKeyToken=b03f5f7f11d50a3a" className="ClickpointAuto.Test.GenerateOptionsMacroFactoryTest, ClickpointAuto.Test, Version=1.0.0.0, Culture=neutral, PublicKeyToken=null" name="CreateOptionsMacroTest" />
    </UnitTest>
  </TestDefinitions>
  <TestLists>
    <TestList name="Results Not in a List" id="8c84fa94-04c1-424b-9868-57a2d4851a1d" />
    <TestList name="All Loaded Results" id="19431567-8539-422a-85d7-44ee4e166bda" />
  </TestLists>
  <TestEntries>
    <TestEntry testId="96bddcd4-3519-3441-e5e0-8b3089333c85" executionId="6053b75e-53cf-47d9-a44d-6b19bfd6e8f8" testListId="8c84fa94-04c1-424b-9868-57a2d4851a1d" />
  </TestEntries>
  <Results>
    <UnitTestResult executionId="6053b75e-53cf-47d9-a44d-6b19bfd6e8f8" testId="96bddcd4-3519-3441-e5e0-8b3089333c85" testName="CreateOptionsMacroTest" computerName="KOSHIN-PC" duration="00:00:43.7221922" startTime="2011-12-14T14:11:14.3182123-07:00" endTime="2011-12-14T14:11:58.1242202-07:00" testType="13cdc9d9-ddb5-4fa4-a97d-d965ccfc6d4b" outcome="Passed" testListId="8c84fa94-04c1-424b-9868-57a2d4851a1d" relativeResultsDirectory="6053b75e-53cf-47d9-a44d-6b19bfd6e8f8">
    </UnitTestResult>
  </Results>
</TestRun>